Scanner V2 — 2026-05-01 07:10:24
Categories: ALL

────────────────────────────────────────────────────────────
Collecting Category A: Enterprise Budget
────────────────────────────────────────────────────────────
  → 0 new articles (2847 total in category A)

────────────────────────────────────────────────────────────
Collecting Category B: Dev Velocity
────────────────────────────────────────────────────────────
  → 0 new articles (5657 total in category B)

────────────────────────────────────────────────────────────
Collecting Category C: Security/Failures
────────────────────────────────────────────────────────────
  → 0 new articles (4198 total in category C)

────────────────────────────────────────────────────────────
Collecting Category D: Compliance
────────────────────────────────────────────────────────────
  → 0 new articles (932 total in category D)

────────────────────────────────────────────────────────────
Collecting Category E: Testing Market
────────────────────────────────────────────────────────────
  → 0 new articles (3091 total in category E)

════════════════════════════════════════════════════════════
COLLECTION SUMMARY
════════════════════════════════════════════════════════════
  Category A (Enterprise Budget   ):    0 new  (2,847 total)
  Category B (Dev Velocity        ):    0 new  (5,657 total)
  Category C (Security/Failures   ):    0 new  (4,198 total)
  Category D (Compliance          ):    0 new  (932 total)
  Category E (Testing Market      ):    0 new  (3,091 total)
────────────────────────────────────────────────────────────
  Total                           :    0 new  (18,287 total)
════════════════════════════════════════════════════════════

Completed in 103.9s
